# JRE version: OpenJDK Runtime Environment (8.0_112-b06) (build 1.8.0_112-release-b06)
# Java VM: OpenJDK 64-Bit Server VM (25.112-b06 mixed mode windows-amd64 compressed oops)
Heap:
 PSYoungGen      total 88576K, used 47429K [0x00000000e0000000, 0x00000000e7380000, 0x0000000100000000)
  eden space 77312K, 47% used [0x00000000e0000000,0x00000000e2393d90,0x00000000e4b80000)
  from space 11264K, 97% used [0x00000000e4b80000,0x00000000e563d6b8,0x00000000e5680000)
  to   space 12288K, 0% used [0x00000000e6780000,0x00000000e6780000,0x00000000e7380000)
 ParOldGen       total 105472K, used 15381K [0x00000000a0000000, 0x00000000a6700000, 0x00000000e0000000)
  object space 105472K, 14% used [0x00000000a0000000,0x00000000a0f054f8,0x00000000a6700000)
 Metaspace       used 45709K, capacity 46862K, committed 47232K, reserved 1089536K
  class space    used 6154K, capacity 6402K, committed 6528K, reserved 1048576K
GC Heap History (10 events):
Event: 13.750 GC heap before
{Heap before GC invocations=9 (full 1):
 PSYoungGen      total 55808K, used 51136K [0x00000000e0000000, 0x00000000e5200000, 0x0000000100000000)
  eden space 45568K, 100% used [0x00000000e0000000,0x00000000e2c80000,0x00000000e2c80000)
  from space 10240K, 54% used [0x00000000e2c80000,0x00000000e31f0040,0x00000000e3680000)
  to   space 9728K, 0% used [0x00000000e4880000,0x00000000e4880000,0x00000000e5200000)
 ParOldGen       total 67072K, used 9019K [0x00000000a0000000, 0x00000000a4180000, 0x00000000e0000000)
  object space 67072K, 13% used [0x00000000a0000000,0x00000000a08cedf8,0x00000000a4180000)
 Metaspace       used 32777K, capacity 33340K, committed 33536K, reserved 1079296K
  class space    used 4387K, capacity 4552K, committed 4608K, reserved 1048576K
Event: 13.775 GC heap after
Heap after GC invocations=9 (full 1):
 PSYoungGen      total 73216K, used 8926K [0x00000000e0000000, 0x00000000e5380000, 0x0000000100000000)
  eden space 63488K, 0% used [0x00000000e0000000,0x00000000e0000000,0x00000000e3e00000)
  from space 9728K, 91% used [0x00000000e4880000,0x00000000e51378c0,0x00000000e5200000)
  to   space 10752K, 0% used [0x00000000e3e00000,0x00000000e3e00000,0x00000000e4880000)
 ParOldGen       total 67072K, used 9091K [0x00000000a0000000, 0x00000000a4180000, 0x00000000e0000000)
  object space 67072K, 13% used [0x00000000a0000000,0x00000000a08e0e08,0x00000000a4180000)
 Metaspace       used 32777K, capacity 33340K, committed 33536K, reserved 1079296K
  class space    used 4387K, capacity 4552K, committed 4608K, reserved 1048576K
}
Event: 14.967 GC heap before
{Heap before GC invocations=10 (full 1):
 PSYoungGen      total 73216K, used 54461K [0x00000000e0000000, 0x00000000e5380000, 0x0000000100000000)
  eden space 63488K, 71% used [0x00000000e0000000,0x00000000e2c77db0,0x00000000e3e00000)
  from space 9728K, 91% used [0x00000000e4880000,0x00000000e51378c0,0x00000000e5200000)
  to   space 10752K, 0% used [0x00000000e3e00000,0x00000000e3e00000,0x00000000e4880000)
 ParOldGen       total 67072K, used 9091K [0x00000000a0000000, 0x00000000a4180000, 0x00000000e0000000)
  object space 67072K, 13% used [0x00000000a0000000,0x00000000a08e0e08,0x00000000a4180000)
 Metaspace       used 34822K, capacity 35366K, committed 35496K, reserved 1079296K
  class space    used 4658K, capacity 4819K, committed 4864K, reserved 1048576K
Event: 14.992 GC heap after
Heap after GC invocations=10 (full 1):
 PSYoungGen      total 74240K, used 9095K [0x00000000e0000000, 0x00000000e6480000, 0x0000000100000000)
  eden space 63488K, 0% used [0x00000000e0000000,0x00000000e0000000,0x00000000e3e00000)
  from space 10752K, 84% used [0x00000000e3e00000,0x00000000e46e1fd8,0x00000000e4880000)
  to   space 11264K, 0% used [0x00000000e5980000,0x00000000e5980000,0x00000000e6480000)
 ParOldGen       total 67072K, used 9099K [0x00000000a0000000, 0x00000000a4180000, 0x00000000e0000000)
  object space 67072K, 13% used [0x00000000a0000000,0x00000000a08e2e08,0x00000000a4180000)
 Metaspace       used 34822K, capacity 35366K, committed 35496K, reserved 1079296K
  class space    used 4658K, capacity 4819K, committed 4864K, reserved 1048576K
}
Event: 14.992 GC heap before
{Heap before GC invocations=11 (full 2):
 PSYoungGen      total 74240K, used 9095K [0x00000000e0000000, 0x00000000e6480000, 0x0000000100000000)
  eden space 63488K, 0% used [0x00000000e0000000,0x00000000e0000000,0x00000000e3e00000)
  from space 10752K, 84% used [0x00000000e3e00000,0x00000000e46e1fd8,0x00000000e4880000)
  to   space 11264K, 0% used [0x00000000e5980000,0x00000000e5980000,0x00000000e6480000)
 ParOldGen       total 67072K, used 9099K [0x00000000a0000000, 0x00000000a4180000, 0x00000000e0000000)
  object space 67072K, 13% used [0x00000000a0000000,0x00000000a08e2e08,0x00000000a4180000)
 Metaspace       used 34822K, capacity 35366K, committed 35496K, reserved 1079296K
  class space    used 4658K, capacity 4819K, committed 4864K, reserved 1048576K
Event: 15.225 GC heap after
Heap after GC invocations=11 (full 2):
 PSYoungGen      total 74240K, used 0K [0x00000000e0000000, 0x00000000e6480000, 0x0000000100000000)
  eden space 63488K, 0% used [0x00000000e0000000,0x00000000e0000000,0x00000000e3e00000)
  from space 10752K, 0% used [0x00000000e3e00000,0x00000000e3e00000,0x00000000e4880000)
  to   space 11264K, 0% used [0x00000000e5980000,0x00000000e5980000,0x00000000e6480000)
 ParOldGen       total 105472K, used 15365K [0x00000000a0000000, 0x00000000a6700000, 0x00000000e0000000)
  object space 105472K, 14% used [0x00000000a0000000,0x00000000a0f014f8,0x00000000a6700000)
 Metaspace       used 34822K, capacity 35366K, committed 35496K, reserved 1079296K
  class space    used 4658K, capacity 4819K, committed 4864K, reserved 1048576K
}
Event: 17.237 GC heap before
{Heap before GC invocations=12 (full 2):
 PSYoungGen      total 74240K, used 63488K [0x00000000e0000000, 0x00000000e6480000, 0x0000000100000000)
  eden space 63488K, 100% used [0x00000000e0000000,0x00000000e3e00000,0x00000000e3e00000)
  from space 10752K, 0% used [0x00000000e3e00000,0x00000000e3e00000,0x00000000e4880000)
  to   space 11264K, 0% used [0x00000000e5980000,0x00000000e5980000,0x00000000e6480000)
 ParOldGen       total 105472K, used 15365K [0x00000000a0000000, 0x00000000a6700000, 0x00000000e0000000)
  object space 105472K, 14% used [0x00000000a0000000,0x00000000a0f014f8,0x00000000a6700000)
 Metaspace       used 39947K, capacity 40654K, committed 40960K, reserved 1085440K
  class space    used 5400K, capacity 5610K, committed 5632K, reserved 1048576K
Event: 17.256 GC heap after
Heap after GC invocations=12 (full 2):
 PSYoungGen      total 85504K, used 7875K [0x00000000e0000000, 0x00000000e6180000, 0x0000000100000000)
  eden space 77312K, 0% used [0x00000000e0000000,0x00000000e0000000,0x00000000e4b80000)
  from space 8192K, 96% used [0x00000000e5980000,0x00000000e6130fb8,0x00000000e6180000)
  to   space 11264K, 0% used [0x00000000e4b80000,0x00000000e4b80000,0x00000000e5680000)
 ParOldGen       total 105472K, used 15373K [0x00000000a0000000, 0x00000000a6700000, 0x00000000e0000000)
  object space 105472K, 14% used [0x00000000a0000000,0x00000000a0f034f8,0x00000000a6700000)
 Metaspace       used 39947K, capacity 40654K, committed 40960K, reserved 1085440K
  class space    used 5400K, capacity 5610K, committed 5632K, reserved 1048576K
}
Event: 19.844 GC heap before
{Heap before GC invocations=13 (full 2):
 PSYoungGen      total 85504K, used 85187K [0x00000000e0000000, 0x00000000e6180000, 0x0000000100000000)
  eden space 77312K, 100% used [0x00000000e0000000,0x00000000e4b80000,0x00000000e4b80000)
  from space 8192K, 96% used [0x00000000e5980000,0x00000000e6130fb8,0x00000000e6180000)
  to   space 11264K, 0% used [0x00000000e4b80000,0x00000000e4b80000,0x00000000e5680000)
 ParOldGen       total 105472K, used 15373K [0x00000000a0000000, 0x00000000a6700000, 0x00000000e0000000)
  object space 105472K, 14% used [0x00000000a0000000,0x00000000a0f034f8,0x00000000a6700000)
 Metaspace       used 43798K, capacity 44716K, committed 44800K, reserved 1087488K
  class space    used 5831K, capacity 6069K, committed 6144K, reserved 1048576K
Event: 19.868 GC heap after
Heap after GC invocations=13 (full 2):
 PSYoungGen      total 88576K, used 10997K [0x00000000e0000000, 0x00000000e7380000, 0x0000000100000000)
  eden space 77312K, 0% used [0x00000000e0000000,0x00000000e0000000,0x00000000e4b80000)
  from space 11264K, 97% used [0x00000000e4b80000,0x00000000e563d6b8,0x00000000e5680000)
  to   space 12288K, 0% used [0x00000000e6780000,0x00000000e6780000,0x00000000e7380000)
 ParOldGen       total 105472K, used 15381K [0x00000000a0000000, 0x00000000a6700000, 0x00000000e0000000)
  object space 105472K, 14% used [0x00000000a0000000,0x00000000a0f054f8,0x00000000a6700000)
 Metaspace       used 43798K, capacity 44716K, committed 44800K, reserved 1087488K
  class space    used 5831K, capacity 6069K, committed 6144K, reserved 1048576K
}

