# JRE version: OpenJDK Runtime Environment (8.0_112-b06) (build 1.8.0_112-release-b06)
# Java VM: OpenJDK 64-Bit Server VM (25.112-b06 mixed mode windows-amd64 compressed oops)
Heap:
 PSYoungGen      total 148992K, used 87742K [0x00000000e0000000, 0x00000000ea200000, 0x0000000100000000)
  eden space 138752K, 55% used [0x00000000e0000000,0x00000000e4bb11f0,0x00000000e8780000)
  from space 10240K, 99% used [0x00000000e9800000,0x00000000ea1fe800,0x00000000ea200000)
  to   space 12800K, 0% used [0x00000000e8900000,0x00000000e8900000,0x00000000e9580000)
 ParOldGen       total 95232K, used 17753K [0x00000000a0000000, 0x00000000a5d00000, 0x00000000e0000000)
  object space 95232K, 18% used [0x00000000a0000000,0x00000000a11565c8,0x00000000a5d00000)
 Metaspace       used 45644K, capacity 46896K, committed 47232K, reserved 1089536K
  class space    used 6149K, capacity 6435K, committed 6528K, reserved 1048576K
GC Heap History (10 events):
Event: 8.671 GC heap before
{Heap before GC invocations=6 (full 1):
 PSYoungGen      total 70656K, used 65536K [0x00000000e0000000, 0x00000000e4a00000, 0x0000000100000000)
  eden space 65536K, 100% used [0x00000000e0000000,0x00000000e4000000,0x00000000e4000000)
  from space 5120K, 0% used [0x00000000e4500000,0x00000000e4500000,0x00000000e4a00000)
  to   space 5120K, 0% used [0x00000000e4000000,0x00000000e4000000,0x00000000e4500000)
 ParOldGen       total 61440K, used 8993K [0x00000000a0000000, 0x00000000a3c00000, 0x00000000e0000000)
  object space 61440K, 14% used [0x00000000a0000000,0x00000000a08c8780,0x00000000a3c00000)
 Metaspace       used 25948K, capacity 26380K, committed 26496K, reserved 1073152K
  class space    used 3575K, capacity 3697K, committed 3712K, reserved 1048576K
Event: 8.691 GC heap after
Heap after GC invocations=6 (full 1):
 PSYoungGen      total 70656K, used 5108K [0x00000000e0000000, 0x00000000e7680000, 0x0000000100000000)
  eden space 65536K, 0% used [0x00000000e0000000,0x00000000e0000000,0x00000000e4000000)
  from space 5120K, 99% used [0x00000000e4000000,0x00000000e44fd260,0x00000000e4500000)
  to   space 10752K, 0% used [0x00000000e6c00000,0x00000000e6c00000,0x00000000e7680000)
 ParOldGen       total 61440K, used 11781K [0x00000000a0000000, 0x00000000a3c00000, 0x00000000e0000000)
  object space 61440K, 19% used [0x00000000a0000000,0x00000000a0b81790,0x00000000a3c00000)
 Metaspace       used 25948K, capacity 26380K, committed 26496K, reserved 1073152K
  class space    used 3575K, capacity 3697K, committed 3712K, reserved 1048576K
}
Event: 12.388 GC heap before
{Heap before GC invocations=7 (full 1):
 PSYoungGen      total 70656K, used 70644K [0x00000000e0000000, 0x00000000e7680000, 0x0000000100000000)
  eden space 65536K, 100% used [0x00000000e0000000,0x00000000e4000000,0x00000000e4000000)
  from space 5120K, 99% used [0x00000000e4000000,0x00000000e44fd260,0x00000000e4500000)
  to   space 10752K, 0% used [0x00000000e6c00000,0x00000000e6c00000,0x00000000e7680000)
 ParOldGen       total 61440K, used 11781K [0x00000000a0000000, 0x00000000a3c00000, 0x00000000e0000000)
  object space 61440K, 19% used [0x00000000a0000000,0x00000000a0b81790,0x00000000a3c00000)
 Metaspace       used 29238K, capacity 29666K, committed 29952K, reserved 1075200K
  class space    used 3965K, capacity 4087K, committed 4096K, reserved 1048576K
Event: 12.410 GC heap after
Heap after GC invocations=7 (full 1):
 PSYoungGen      total 103424K, used 6417K [0x00000000e0000000, 0x00000000e7280000, 0x0000000100000000)
  eden space 96768K, 0% used [0x00000000e0000000,0x00000000e0000000,0x00000000e5e80000)
  from space 6656K, 96% used [0x00000000e6c00000,0x00000000e7244688,0x00000000e7280000)
  to   space 10240K, 0% used [0x00000000e5e80000,0x00000000e5e80000,0x00000000e6880000)
 ParOldGen       total 61440K, used 11853K [0x00000000a0000000, 0x00000000a3c00000, 0x00000000e0000000)
  object space 61440K, 19% used [0x00000000a0000000,0x00000000a0b937a0,0x00000000a3c00000)
 Metaspace       used 29238K, capacity 29666K, committed 29952K, reserved 1075200K
  class space    used 3965K, capacity 4087K, committed 4096K, reserved 1048576K
}
Event: 14.624 GC heap before
{Heap before GC invocations=8 (full 1):
 PSYoungGen      total 103424K, used 79209K [0x00000000e0000000, 0x00000000e7280000, 0x0000000100000000)
  eden space 96768K, 75% used [0x00000000e0000000,0x00000000e4715d90,0x00000000e5e80000)
  from space 6656K, 96% used [0x00000000e6c00000,0x00000000e7244688,0x00000000e7280000)
  to   space 10240K, 0% used [0x00000000e5e80000,0x00000000e5e80000,0x00000000e6880000)
 ParOldGen       total 61440K, used 11853K [0x00000000a0000000, 0x00000000a3c00000, 0x00000000e0000000)
  object space 61440K, 19% used [0x00000000a0000000,0x00000000a0b937a0,0x00000000a3c00000)
 Metaspace       used 34820K, capacity 35362K, committed 35496K, reserved 1079296K
  class space    used 4659K, capacity 4819K, committed 4864K, reserved 1048576K
Event: 14.667 GC heap after
Heap after GC invocations=8 (full 1):
 PSYoungGen      total 107008K, used 10218K [0x00000000e0000000, 0x00000000ea400000, 0x0000000100000000)
  eden space 96768K, 0% used [0x00000000e0000000,0x00000000e0000000,0x00000000e5e80000)
  from space 10240K, 99% used [0x00000000e5e80000,0x00000000e687a988,0x00000000e6880000)
  to   space 12288K, 0% used [0x00000000e9800000,0x00000000e9800000,0x00000000ea400000)
 ParOldGen       total 61440K, used 13318K [0x00000000a0000000, 0x00000000a3c00000, 0x00000000e0000000)
  object space 61440K, 21% used [0x00000000a0000000,0x00000000a0d01958,0x00000000a3c00000)
 Metaspace       used 34820K, capacity 35362K, committed 35496K, reserved 1079296K
  class space    used 4659K, capacity 4819K, committed 4864K, reserved 1048576K
}
Event: 14.667 GC heap before
{Heap before GC invocations=9 (full 2):
 PSYoungGen      total 107008K, used 10218K [0x00000000e0000000, 0x00000000ea400000, 0x0000000100000000)
  eden space 96768K, 0% used [0x00000000e0000000,0x00000000e0000000,0x00000000e5e80000)
  from space 10240K, 99% used [0x00000000e5e80000,0x00000000e687a988,0x00000000e6880000)
  to   space 12288K, 0% used [0x00000000e9800000,0x00000000e9800000,0x00000000ea400000)
 ParOldGen       total 61440K, used 13318K [0x00000000a0000000, 0x00000000a3c00000, 0x00000000e0000000)
  object space 61440K, 21% used [0x00000000a0000000,0x00000000a0d01958,0x00000000a3c00000)
 Metaspace       used 34820K, capacity 35362K, committed 35496K, reserved 1079296K
  class space    used 4659K, capacity 4819K, committed 4864K, reserved 1048576K
Event: 14.852 GC heap after
Heap after GC invocations=9 (full 2):
 PSYoungGen      total 107008K, used 0K [0x00000000e0000000, 0x00000000ea400000, 0x0000000100000000)
  eden space 96768K, 0% used [0x00000000e0000000,0x00000000e0000000,0x00000000e5e80000)
  from space 10240K, 0% used [0x00000000e5e80000,0x00000000e5e80000,0x00000000e6880000)
  to   space 12288K, 0% used [0x00000000e9800000,0x00000000e9800000,0x00000000ea400000)
 ParOldGen       total 95232K, used 17745K [0x00000000a0000000, 0x00000000a5d00000, 0x00000000e0000000)
  object space 95232K, 18% used [0x00000000a0000000,0x00000000a11545c8,0x00000000a5d00000)
 Metaspace       used 34820K, capacity 35362K, committed 35496K, reserved 1079296K
  class space    used 4659K, capacity 4819K, committed 4864K, reserved 1048576K
}
Event: 17.837 GC heap before
{Heap before GC invocations=10 (full 2):
 PSYoungGen      total 107008K, used 96768K [0x00000000e0000000, 0x00000000ea400000, 0x0000000100000000)
  eden space 96768K, 100% used [0x00000000e0000000,0x00000000e5e80000,0x00000000e5e80000)
  from space 10240K, 0% used [0x00000000e5e80000,0x00000000e5e80000,0x00000000e6880000)
  to   space 12288K, 0% used [0x00000000e9800000,0x00000000e9800000,0x00000000ea400000)
 ParOldGen       total 95232K, used 17745K [0x00000000a0000000, 0x00000000a5d00000, 0x00000000e0000000)
  object space 95232K, 18% used [0x00000000a0000000,0x00000000a11545c8,0x00000000a5d00000)
 Metaspace       used 42199K, capacity 42950K, committed 43264K, reserved 1087488K
  class space    used 5650K, capacity 5852K, committed 5888K, reserved 1048576K
Event: 17.864 GC heap after
Heap after GC invocations=10 (full 2):
 PSYoungGen      total 148992K, used 10234K [0x00000000e0000000, 0x00000000ea200000, 0x0000000100000000)
  eden space 138752K, 0% used [0x00000000e0000000,0x00000000e0000000,0x00000000e8780000)
  from space 10240K, 99% used [0x00000000e9800000,0x00000000ea1fe800,0x00000000ea200000)
  to   space 12800K, 0% used [0x00000000e8900000,0x00000000e8900000,0x00000000e9580000)
 ParOldGen       total 95232K, used 17753K [0x00000000a0000000, 0x00000000a5d00000, 0x00000000e0000000)
  object space 95232K, 18% used [0x00000000a0000000,0x00000000a11565c8,0x00000000a5d00000)
 Metaspace       used 42199K, capacity 42950K, committed 43264K, reserved 1087488K
  class space    used 5650K, capacity 5852K, committed 5888K, reserved 1048576K
}

