# JRE version: OpenJDK Runtime Environment (8.0_112-b06) (build 1.8.0_112-release-b06)
# Java VM: OpenJDK 64-Bit Server VM (25.112-b06 mixed mode windows-amd64 compressed oops)
Heap:
 PSYoungGen      total 126464K, used 39610K [0x00000000e0000000, 0x00000000e8800000, 0x0000000100000000)
  eden space 113664K, 23% used [0x00000000e0000000,0x00000000e1a31c40,0x00000000e6f00000)
  from space 12800K, 99% used [0x00000000e6f00000,0x00000000e7b7cf30,0x00000000e7b80000)
  to   space 12288K, 0% used [0x00000000e7b80000,0x00000000e7b80000,0x00000000e8780000)
 ParOldGen       total 111616K, used 21323K [0x00000000a0000000, 0x00000000a6d00000, 0x00000000e0000000)
  object space 111616K, 19% used [0x00000000a0000000,0x00000000a14d2e38,0x00000000a6d00000)
 Metaspace       used 48728K, capacity 50246K, committed 50560K, reserved 1093632K
  class space    used 6613K, capacity 6932K, committed 7040K, reserved 1048576K
GC Heap History (10 events):
Event: 11.834 GC heap before
{Heap before GC invocations=7 (full 1):
 PSYoungGen      total 70656K, used 70654K [0x00000000e0000000, 0x00000000e6c00000, 0x0000000100000000)
  eden space 65536K, 100% used [0x00000000e0000000,0x00000000e4000000,0x00000000e4000000)
  from space 5120K, 99% used [0x00000000e4000000,0x00000000e44ff838,0x00000000e4500000)
  to   space 10752K, 0% used [0x00000000e6180000,0x00000000e6180000,0x00000000e6c00000)
 ParOldGen       total 67584K, used 11761K [0x00000000a0000000, 0x00000000a4200000, 0x00000000e0000000)
  object space 67584K, 17% used [0x00000000a0000000,0x00000000a0b7c510,0x00000000a4200000)
 Metaspace       used 29193K, capacity 29666K, committed 29952K, reserved 1075200K
  class space    used 3944K, capacity 4087K, committed 4096K, reserved 1048576K
Event: 11.851 GC heap after
Heap after GC invocations=7 (full 1):
 PSYoungGen      total 93696K, used 6229K [0x00000000e0000000, 0x00000000e6880000, 0x0000000100000000)
  eden space 86528K, 0% used [0x00000000e0000000,0x00000000e0000000,0x00000000e5480000)
  from space 7168K, 86% used [0x00000000e6180000,0x00000000e6795678,0x00000000e6880000)
  to   space 10240K, 0% used [0x00000000e5480000,0x00000000e5480000,0x00000000e5e80000)
 ParOldGen       total 67584K, used 11833K [0x00000000a0000000, 0x00000000a4200000, 0x00000000e0000000)
  object space 67584K, 17% used [0x00000000a0000000,0x00000000a0b8e520,0x00000000a4200000)
 Metaspace       used 29193K, capacity 29666K, committed 29952K, reserved 1075200K
  class space    used 3944K, capacity 4087K, committed 4096K, reserved 1048576K
}
Event: 14.081 GC heap before
{Heap before GC invocations=8 (full 1):
 PSYoungGen      total 93696K, used 78751K [0x00000000e0000000, 0x00000000e6880000, 0x0000000100000000)
  eden space 86528K, 83% used [0x00000000e0000000,0x00000000e46d2920,0x00000000e5480000)
  from space 7168K, 86% used [0x00000000e6180000,0x00000000e6795678,0x00000000e6880000)
  to   space 10240K, 0% used [0x00000000e5480000,0x00000000e5480000,0x00000000e5e80000)
 ParOldGen       total 67584K, used 11833K [0x00000000a0000000, 0x00000000a4200000, 0x00000000e0000000)
  object space 67584K, 17% used [0x00000000a0000000,0x00000000a0b8e520,0x00000000a4200000)
 Metaspace       used 34790K, capacity 35362K, committed 35496K, reserved 1079296K
  class space    used 4641K, capacity 4819K, committed 4864K, reserved 1048576K
Event: 14.109 GC heap after
Heap after GC invocations=8 (full 1):
 PSYoungGen      total 96768K, used 10235K [0x00000000e0000000, 0x00000000e8780000, 0x0000000100000000)
  eden space 86528K, 0% used [0x00000000e0000000,0x00000000e0000000,0x00000000e5480000)
  from space 10240K, 99% used [0x00000000e5480000,0x00000000e5e7ef68,0x00000000e5e80000)
  to   space 12288K, 0% used [0x00000000e7b80000,0x00000000e7b80000,0x00000000e8780000)
 ParOldGen       total 67584K, used 13184K [0x00000000a0000000, 0x00000000a4200000, 0x00000000e0000000)
  object space 67584K, 19% used [0x00000000a0000000,0x00000000a0ce0078,0x00000000a4200000)
 Metaspace       used 34790K, capacity 35362K, committed 35496K, reserved 1079296K
  class space    used 4641K, capacity 4819K, committed 4864K, reserved 1048576K
}
Event: 14.109 GC heap before
{Heap before GC invocations=9 (full 2):
 PSYoungGen      total 96768K, used 10235K [0x00000000e0000000, 0x00000000e8780000, 0x0000000100000000)
  eden space 86528K, 0% used [0x00000000e0000000,0x00000000e0000000,0x00000000e5480000)
  from space 10240K, 99% used [0x00000000e5480000,0x00000000e5e7ef68,0x00000000e5e80000)
  to   space 12288K, 0% used [0x00000000e7b80000,0x00000000e7b80000,0x00000000e8780000)
 ParOldGen       total 67584K, used 13184K [0x00000000a0000000, 0x00000000a4200000, 0x00000000e0000000)
  object space 67584K, 19% used [0x00000000a0000000,0x00000000a0ce0078,0x00000000a4200000)
 Metaspace       used 34790K, capacity 35362K, committed 35496K, reserved 1079296K
  class space    used 4641K, capacity 4819K, committed 4864K, reserved 1048576K
Event: 14.287 GC heap after
Heap after GC invocations=9 (full 2):
 PSYoungGen      total 96768K, used 0K [0x00000000e0000000, 0x00000000e8780000, 0x0000000100000000)
  eden space 86528K, 0% used [0x00000000e0000000,0x00000000e0000000,0x00000000e5480000)
  from space 10240K, 0% used [0x00000000e5480000,0x00000000e5480000,0x00000000e5e80000)
  to   space 12288K, 0% used [0x00000000e7b80000,0x00000000e7b80000,0x00000000e8780000)
 ParOldGen       total 111616K, used 17754K [0x00000000a0000000, 0x00000000a6d00000, 0x00000000e0000000)
  object space 111616K, 15% used [0x00000000a0000000,0x00000000a1156998,0x00000000a6d00000)
 Metaspace       used 34790K, capacity 35362K, committed 35496K, reserved 1079296K
  class space    used 4641K, capacity 4819K, committed 4864K, reserved 1048576K
}
Event: 16.587 GC heap before
{Heap before GC invocations=10 (full 2):
 PSYoungGen      total 96768K, used 86528K [0x00000000e0000000, 0x00000000e8780000, 0x0000000100000000)
  eden space 86528K, 100% used [0x00000000e0000000,0x00000000e5480000,0x00000000e5480000)
  from space 10240K, 0% used [0x00000000e5480000,0x00000000e5480000,0x00000000e5e80000)
  to   space 12288K, 0% used [0x00000000e7b80000,0x00000000e7b80000,0x00000000e8780000)
 ParOldGen       total 111616K, used 17754K [0x00000000a0000000, 0x00000000a6d00000, 0x00000000e0000000)
  object space 111616K, 15% used [0x00000000a0000000,0x00000000a1156998,0x00000000a6d00000)
 Metaspace       used 42170K, capacity 42880K, committed 43008K, reserved 1087488K
  class space    used 5643K, capacity 5851K, committed 5888K, reserved 1048576K
Event: 16.604 GC heap after
Heap after GC invocations=10 (full 2):
 PSYoungGen      total 125952K, used 9393K [0x00000000e0000000, 0x00000000e8800000, 0x0000000100000000)
  eden space 113664K, 0% used [0x00000000e0000000,0x00000000e0000000,0x00000000e6f00000)
  from space 12288K, 76% used [0x00000000e7b80000,0x00000000e84ac6e8,0x00000000e8780000)
  to   space 12800K, 0% used [0x00000000e6f00000,0x00000000e6f00000,0x00000000e7b80000)
 ParOldGen       total 111616K, used 17762K [0x00000000a0000000, 0x00000000a6d00000, 0x00000000e0000000)
  object space 111616K, 15% used [0x00000000a0000000,0x00000000a1158998,0x00000000a6d00000)
 Metaspace       used 42170K, capacity 42880K, committed 43008K, reserved 1087488K
  class space    used 5643K, capacity 5851K, committed 5888K, reserved 1048576K
}
Event: 19.374 GC heap before
{Heap before GC invocations=11 (full 2):
 PSYoungGen      total 125952K, used 123057K [0x00000000e0000000, 0x00000000e8800000, 0x0000000100000000)
  eden space 113664K, 100% used [0x00000000e0000000,0x00000000e6f00000,0x00000000e6f00000)
  from space 12288K, 76% used [0x00000000e7b80000,0x00000000e84ac6e8,0x00000000e8780000)
  to   space 12800K, 0% used [0x00000000e6f00000,0x00000000e6f00000,0x00000000e7b80000)
 ParOldGen       total 111616K, used 17762K [0x00000000a0000000, 0x00000000a6d00000, 0x00000000e0000000)
  object space 111616K, 15% used [0x00000000a0000000,0x00000000a1158998,0x00000000a6d00000)
 Metaspace       used 47036K, capacity 48456K, committed 48768K, reserved 1091584K
  class space    used 6378K, capacity 6701K, committed 6784K, reserved 1048576K
Event: 19.404 GC heap after
Heap after GC invocations=11 (full 2):
 PSYoungGen      total 126464K, used 12787K [0x00000000e0000000, 0x00000000e8800000, 0x0000000100000000)
  eden space 113664K, 0% used [0x00000000e0000000,0x00000000e0000000,0x00000000e6f00000)
  from space 12800K, 99% used [0x00000000e6f00000,0x00000000e7b7cf30,0x00000000e7b80000)
  to   space 12288K, 0% used [0x00000000e7b80000,0x00000000e7b80000,0x00000000e8780000)
 ParOldGen       total 111616K, used 21323K [0x00000000a0000000, 0x00000000a6d00000, 0x00000000e0000000)
  object space 111616K, 19% used [0x00000000a0000000,0x00000000a14d2e38,0x00000000a6d00000)
 Metaspace       used 47036K, capacity 48456K, committed 48768K, reserved 1091584K
  class space    used 6378K, capacity 6701K, committed 6784K, reserved 1048576K
}

